<?xml version="1.0" encoding="UTF-8"?>
<testng-results ignored="0" total="1" passed="0" failed="1" skipped="0">
  <reporter-output>
  </reporter-output>
  <suite started-at="2022-06-02T14:33:23 IST" name="Default suite" finished-at="2022-06-02T14:33:56 IST" duration-ms="33699">
    <groups>
    </groups>
    <test started-at="2022-06-02T14:33:23 IST" name="Default test" finished-at="2022-06-02T14:33:56 IST" duration-ms="33699">
      <class name="dreamframework.VerifyTimeCountersTest1">
        <test-method is-config="true" signature="openserver()[pri:0, instance:dreamframework.VerifyTimeCountersTest1@433defed]" started-at="2022-06-02T14:33:23 IST" name="openserver" finished-at="2022-06-02T14:33:23 IST" duration-ms="15" status="PASS">
          <reporter-output>
          </reporter-output>
        </test-method> <!-- openserver -->
        <test-method is-config="true" signature="launchapp()[pri:0, instance:dreamframework.VerifyTimeCountersTest1@433defed]" started-at="2022-06-02T14:33:23 IST" name="launchapp" finished-at="2022-06-02T14:33:45 IST" duration-ms="22282" status="PASS">
          <reporter-output>
          </reporter-output>
        </test-method> <!-- launchapp -->
        <test-method signature="dream()[pri:0, instance:dreamframework.VerifyTimeCountersTest1@433defed]" started-at="2022-06-02T14:33:45 IST" name="dream" finished-at="2022-06-02T14:33:56 IST" duration-ms="11316" status="FAIL">
          <exception class="org.openqa.selenium.NoSuchElementException">
            <message>
              <![CDATA[An element could not be located on the page using the given search parameters. (WARNING: The server did not provide any stacktrace information)
Command duration or timeout: 11.29 seconds
For documentation on this error, please visit: http://seleniumhq.org/exceptions/no_such_element.html
Build info: version: '2.53.1', revision: 'a36b8b1cd5757287168e54b817830adce9b0158d', time: '2016-06-30 19:26:09'
System info: host: 'DESKTOP-B5SU5KF', ip: '192.168.42.41', os.name: 'Windows 10', os.arch: 'amd64', os.version: '10.0', java.version: '16.0.1'
Driver info: io.appium.java_client.android.AndroidDriver
Capabilities [{appPackage=com.app.dream11Pro, statBarHeight=66, noReset=true, viewportRect={top=66, left=0, width=1080, height=1964}, deviceName=d3d9cc1b, platform=LINUX, deviceUDID=d3d9cc1b, desired={appPackage=com.app.dream11Pro, appActivity=com.app.dream11.dream11.SplashActivity, noReset=true, appiumVersion=1.22.3, platformVersion=9, automationName=appium, platformName=Android, udid=d3d9cc1b, deviceName=Redmi}, platformVersion=9, webStorageEnabled=false, automationName=appium, takesScreenshot=true, javascriptEnabled=true, platformName=Android, udid=d3d9cc1b, deviceApiLevel=28, deviceManufacturer=Xiaomi, deviceScreenSize=1080x2160, networkConnectionEnabled=true, warnings={}, appiumVersion=1.22.3, databaseEnabled=false, appActivity=com.app.dream11.dream11.SplashActivity, pixelRatio=2.75, locationContextEnabled=false, deviceScreenDensity=440, deviceModel=Redmi Note 5 Pro}]
Session ID: 0b6e9fd5-f816-4a2c-ab83-a9e9d3424d99
*** Element info: {Using=xpath, value=//*[@text='English']/parent::android.widget.LinearLayout}]]>
            </message>
            <full-stacktrace>
              <![CDATA[org.openqa.selenium.NoSuchElementException: An element could not be located on the page using the given search parameters. (WARNING: The server did not provide any stacktrace information)
Command duration or timeout: 11.29 seconds
For documentation on this error, please visit: http://seleniumhq.org/exceptions/no_such_element.html
Build info: version: '2.53.1', revision: 'a36b8b1cd5757287168e54b817830adce9b0158d', time: '2016-06-30 19:26:09'
System info: host: 'DESKTOP-B5SU5KF', ip: '192.168.42.41', os.name: 'Windows 10', os.arch: 'amd64', os.version: '10.0', java.version: '16.0.1'
Driver info: io.appium.java_client.android.AndroidDriver
Capabilities [{appPackage=com.app.dream11Pro, statBarHeight=66, noReset=true, viewportRect={top=66, left=0, width=1080, height=1964}, deviceName=d3d9cc1b, platform=LINUX, deviceUDID=d3d9cc1b, desired={appPackage=com.app.dream11Pro, appActivity=com.app.dream11.dream11.SplashActivity, noReset=true, appiumVersion=1.22.3, platformVersion=9, automationName=appium, platformName=Android, udid=d3d9cc1b, deviceName=Redmi}, platformVersion=9, webStorageEnabled=false, automationName=appium, takesScreenshot=true, javascriptEnabled=true, platformName=Android, udid=d3d9cc1b, deviceApiLevel=28, deviceManufacturer=Xiaomi, deviceScreenSize=1080x2160, networkConnectionEnabled=true, warnings={}, appiumVersion=1.22.3, databaseEnabled=false, appActivity=com.app.dream11.dream11.SplashActivity, pixelRatio=2.75, locationContextEnabled=false, deviceScreenDensity=440, deviceModel=Redmi Note 5 Pro}]
Session ID: 0b6e9fd5-f816-4a2c-ab83-a9e9d3424d99
*** Element info: {Using=xpath, value=//*[@text='English']/parent::android.widget.LinearLayout}
at java.base/jdk.internal.reflect.NativeConstructorAccessorImpl.newInstance0(Native Method)
at java.base/jdk.internal.reflect.NativeConstructorAccessorImpl.newInstance(NativeConstructorAccessorImpl.java:78)
at java.base/jdk.internal.reflect.DelegatingConstructorAccessorImpl.newInstance(DelegatingConstructorAccessorImpl.java:45)
at java.base/java.lang.reflect.Constructor.newInstanceWithCaller(Constructor.java:499)
at java.base/java.lang.reflect.Constructor.newInstance(Constructor.java:480)
at org.openqa.selenium.remote.ErrorHandler.createThrowable(ErrorHandler.java:206)
at org.openqa.selenium.remote.ErrorHandler.throwIfResponseFailed(ErrorHandler.java:158)
at org.openqa.selenium.remote.RemoteWebDriver.execute(RemoteWebDriver.java:678)
at io.appium.java_client.DefaultGenericMobileDriver.execute(DefaultGenericMobileDriver.java:40)
at io.appium.java_client.AppiumDriver.execute(AppiumDriver.java:1)
at io.appium.java_client.android.AndroidDriver.execute(AndroidDriver.java:1)
at org.openqa.selenium.remote.RemoteWebDriver.findElement(RemoteWebDriver.java:363)
at io.appium.java_client.DefaultGenericMobileDriver.findElement(DefaultGenericMobileDriver.java:56)
at io.appium.java_client.AppiumDriver.findElement(AppiumDriver.java:1)
at io.appium.java_client.android.AndroidDriver.findElement(AndroidDriver.java:1)
at org.openqa.selenium.remote.RemoteWebDriver.findElementByXPath(RemoteWebDriver.java:500)
at io.appium.java_client.DefaultGenericMobileDriver.findElementByXPath(DefaultGenericMobileDriver.java:134)
at io.appium.java_client.AppiumDriver.findElementByXPath(AppiumDriver.java:1)
at io.appium.java_client.android.AndroidDriver.findElementByXPath(AndroidDriver.java:1)
at org.openqa.selenium.By$ByXPath.findElement(By.java:361)
at org.openqa.selenium.remote.RemoteWebDriver.findElement(RemoteWebDriver.java:355)
at io.appium.java_client.DefaultGenericMobileDriver.findElement(DefaultGenericMobileDriver.java:52)
at io.appium.java_client.AppiumDriver.findElement(AppiumDriver.java:1)
at io.appium.java_client.android.AndroidDriver.findElement(AndroidDriver.java:1)
at dreamframework.VerifyTimeCountersTest1.dream(VerifyTimeCountersTest1.java:25)
at java.base/jdk.internal.reflect.NativeMethodAccessorImpl.invoke0(Native Method)
at java.base/jdk.internal.reflect.NativeMethodAccessorImpl.invoke(NativeMethodAccessorImpl.java:78)
at java.base/jdk.internal.reflect.DelegatingMethodAccessorImpl.invoke(DelegatingMethodAccessorImpl.java:43)
at java.base/java.lang.reflect.Method.invoke(Method.java:567)
at org.testng.internal.MethodInvocationHelper.invokeMethod(MethodInvocationHelper.java:133)
at org.testng.internal.TestInvoker.invokeMethod(TestInvoker.java:598)
at org.testng.internal.TestInvoker.invokeTestMethod(TestInvoker.java:173)
at org.testng.internal.MethodRunner.runInSequence(MethodRunner.java:46)
at org.testng.internal.TestInvoker$MethodInvocationAgent.invoke(TestInvoker.java:824)
at org.testng.internal.TestInvoker.invokeTestMethods(TestInvoker.java:146)
at org.testng.internal.TestMethodWorker.invokeTestMethods(TestMethodWorker.java:146)
at org.testng.internal.TestMethodWorker.run(TestMethodWorker.java:128)
at java.base/java.util.ArrayList.forEach(ArrayList.java:1511)
at org.testng.TestRunner.privateRun(TestRunner.java:794)
at org.testng.TestRunner.run(TestRunner.java:596)
at org.testng.SuiteRunner.runTest(SuiteRunner.java:377)
at org.testng.SuiteRunner.runSequentially(SuiteRunner.java:371)
at org.testng.SuiteRunner.privateRun(SuiteRunner.java:332)
at org.testng.SuiteRunner.run(SuiteRunner.java:276)
at org.testng.SuiteRunnerWorker.runSuite(SuiteRunnerWorker.java:53)
at org.testng.SuiteRunnerWorker.run(SuiteRunnerWorker.java:96)
at org.testng.TestNG.runSuitesSequentially(TestNG.java:1212)
at org.testng.TestNG.runSuitesLocally(TestNG.java:1134)
at org.testng.TestNG.runSuites(TestNG.java:1063)
at org.testng.TestNG.run(TestNG.java:1031)
at org.testng.remote.AbstractRemoteTestNG.run(AbstractRemoteTestNG.java:115)
at org.testng.remote.RemoteTestNG.initAndRun(RemoteTestNG.java:251)
at org.testng.remote.RemoteTestNG.main(RemoteTestNG.java:77)
]]>
            </full-stacktrace>
          </exception> <!-- org.openqa.selenium.NoSuchElementException -->
          <reporter-output>
          </reporter-output>
        </test-method> <!-- dream -->
        <test-method is-config="true" signature="closeapp()[pri:0, instance:dreamframework.VerifyTimeCountersTest1@433defed]" started-at="2022-06-02T14:33:56 IST" name="closeapp" finished-at="2022-06-02T14:33:56 IST" duration-ms="0" status="PASS">
          <reporter-output>
          </reporter-output>
        </test-method> <!-- closeapp -->
        <test-method is-config="true" signature="close()[pri:0, instance:dreamframework.VerifyTimeCountersTest1@433defed]" started-at="2022-06-02T14:33:56 IST" name="close" finished-at="2022-06-02T14:33:56 IST" duration-ms="0" status="PASS">
          <reporter-output>
          </reporter-output>
        </test-method> <!-- close -->
      </class> <!-- dreamframework.VerifyTimeCountersTest1 -->
    </test> <!-- Default test -->
  </suite> <!-- Default suite -->
</testng-results>
